<?xml version="1.0" encoding="UTF-8"?>
<testsuite xmlns:xsi="http://www.w3.org/2001/XMLSchema-instance" xsi:noNamespaceSchemaLocation="https://maven.apache.org/surefire/maven-surefire-plugin/xsd/surefire-test-report-3.0.xsd" version="3.0" name="br.gov.sp.cpma.desktop.CpmaApiClientTest" time="0.477" tests="3" errors="0" skipped="0" failures="0">
  <properties>
[...]
</properties>
  <testcase name="deveRetornarErroDeRedeQuandoServidorInacessivel" classname="br.gov.sp.cpma.desktop.CpmaApiClientTest" time="0.418"/>
  <testcase name="deveInicializarComUrlPadrao" classname="br.gov.sp.cpma.desktop.CpmaApiClientTest" time="0.004"/>
  <testcase name="deveTratarFalhaDeRedeNoLogin" classname="br.gov.sp.cpma.desktop.CpmaApiClientTest" time="0.025"/>
</testsuite>